{
  "stats": {
    "suites": 1,
    "tests": 5,
    "passes": 5,
    "pending": 1,
    "failures": -1,
    "start": "2022-04-22T02:19:14.217Z",
    "end": "2022-04-22T02:19:23.787Z",
    "duration": 9570,
    "testsRegistered": 6,
    "passPercent": 100,
    "pendingPercent": 16.666666666666664,
    "other": 1,
    "hasOther": true,
    "skipped": 0,
    "hasSkipped": false
  },
  "results": [
    {
      "uuid": "d0452f0f-a4df-409d-80f0-03d89bf62747",
      "title": "",
      "fullFile": "cypress/integration/Demo/SwagLabs.js",
      "file": "cypress/integration/Demo/SwagLabs.js",
      "beforeHooks": [],
      "afterHooks": [],
      "tests": [],
      "suites": [
        {
          "uuid": "213d8d32-d1de-4128-bb0f-e6f201661356",
          "title": "Location Demo",
          "fullFile": "",
          "file": "",
          "beforeHooks": [],
          "afterHooks": [],
          "tests": [
            {
              "title": "should have title tag with value Swab Labs",
              "fullTitle": "Location Demo should have title tag with value Swab Labs",
              "timedOut": null,
              "duration": 0,
              "state": "pending",
              "speed": null,
              "pass": false,
              "fail": false,
              "pending": true,
              "context": null,
              "code": "",
              "err": {},
              "uuid": "363b99c1-d6ba-4894-82b5-031394ccd8e4",
              "parentUUID": "213d8d32-d1de-4128-bb0f-e6f201661356",
              "isHook": false,
              "skipped": false
            },
            {
              "title": "URL should be https://www.saucedemo.com/",
              "fullTitle": "Location Demo URL should be https://www.saucedemo.com/",
              "timedOut": null,
              "duration": 1417,
              "state": "passed",
              "speed": "fast",
              "pass": true,
              "fail": false,
              "pending": false,
              "context": null,
              "code": "cy.url().should('eq', 'https://www.saucedemo.com/');",
              "err": {},
              "uuid": "cca310fe-fbc6-46ea-b4e9-1a2588c15dfc",
              "parentUUID": "213d8d32-d1de-4128-bb0f-e6f201661356",
              "isHook": false,
              "skipped": false
            },
            {
              "title": "should be HTTPS",
              "fullTitle": "Location Demo should be HTTPS",
              "timedOut": null,
              "duration": 243,
              "state": "passed",
              "speed": "fast",
              "pass": true,
              "fail": false,
              "pending": false,
              "context": null,
              "code": "cy.location('protocol').should('contains', 'https');",
              "err": {},
              "uuid": "02fb4f21-f359-443c-a2d5-24ca35e8b5b8",
              "parentUUID": "213d8d32-d1de-4128-bb0f-e6f201661356",
              "isHook": false,
              "skipped": false
            },
            {
              "title": "the hostname should be www.saucedemo.com",
              "fullTitle": "Location Demo the hostname should be www.saucedemo.com",
              "timedOut": null,
              "duration": 235,
              "state": "passed",
              "speed": "fast",
              "pass": true,
              "fail": false,
              "pending": false,
              "context": null,
              "code": "cy.location('hostname').should('eq', 'www.saucedemo.com');",
              "err": {},
              "uuid": "2ee96c85-04bb-43f2-a908-cec753596290",
              "parentUUID": "213d8d32-d1de-4128-bb0f-e6f201661356",
              "isHook": false,
              "skipped": false
            },
            {
              "title": "should redirect /inventory.html",
              "fullTitle": "Location Demo should redirect /inventory.html",
              "timedOut": null,
              "duration": 1079,
              "state": "passed",
              "speed": "fast",
              "pass": true,
              "fail": false,
              "pending": false,
              "context": null,
              "code": "cy.get('[data-test=\"username\"]').type('standard_user');\ncy.get('[data-test=\"password\"]').type('secret_sauce');\ncy.get('[data-test=\"login-button\"]').click();\ncy.location('pathname').should('eq', '/inventory.html');",
              "err": {},
              "uuid": "44cdcf28-005a-4366-a949-be5234a49fed",
              "parentUUID": "213d8d32-d1de-4128-bb0f-e6f201661356",
              "isHook": false,
              "skipped": false
            },
            {
              "title": "Add to Cart and check out",
              "fullTitle": "Location Demo Add to Cart and check out",
              "timedOut": null,
              "duration": 4173,
              "state": "passed",
              "speed": "fast",
              "pass": true,
              "fail": false,
              "pending": false,
              "context": null,
              "code": "cy.get('[data-test=\"username\"]').type('standard_user');\ncy.get('[data-test=\"password\"]').type('secret_sauce');\ncy.get('[data-test=\"login-button\"]').click();\ncy.get('#item_4_title_link > .inventory_item_name').click();\ncy.get('[data-test=\"add-to-cart-sauce-labs-backpack\"]').click();\ncy.get('.shopping_cart_link').click();\ncy.get('[data-test=\"checkout\"]').click(); //Checkout Addres\ncy.get('[data-test=\"firstName\"]').type('Sutisna');\ncy.get('[data-test=\"lastName\"]').type('Wira');\ncy.get('[data-test=\"postalCode\"]').type('123456');\ncy.get('[data-test=\"continue\"]').click();\ncy.get('[data-test=\"finish\"]').click();",
              "err": {},
              "uuid": "8c674fbb-5837-4d64-958f-b1249efe908a",
              "parentUUID": "213d8d32-d1de-4128-bb0f-e6f201661356",
              "isHook": false,
              "skipped": false
            }
          ],
          "suites": [],
          "passes": [
            "cca310fe-fbc6-46ea-b4e9-1a2588c15dfc",
            "02fb4f21-f359-443c-a2d5-24ca35e8b5b8",
            "2ee96c85-04bb-43f2-a908-cec753596290",
            "44cdcf28-005a-4366-a949-be5234a49fed",
            "8c674fbb-5837-4d64-958f-b1249efe908a"
          ],
          "failures": [],
          "pending": [
            "363b99c1-d6ba-4894-82b5-031394ccd8e4"
          ],
          "skipped": [],
          "duration": 7147,
          "root": false,
          "rootEmpty": false,
          "_timeout": 2000
        }
      ],
      "passes": [],
      "failures": [],
      "pending": [],
      "skipped": [],
      "duration": 0,
      "root": true,
      "rootEmpty": true,
      "_timeout": 2000
    }
  ],
  "meta": {
    "mocha": {
      "version": "7.0.1"
    },
    "mochawesome": {
      "options": {
        "quiet": false,
        "reportFilename": "mochawesome",
        "saveHtml": true,
        "saveJson": true,
        "consoleReporter": "spec",
        "useInlineDiffs": false,
        "code": true
      },
      "version": "7.1.3"
    },
    "marge": {
      "options": {
        "reportDir": "cypress/report",
        "charts": true,
        "reportPageTitle": "David Demo Report",
        "embeddedScreenshots": true
      },
      "version": "6.2.0"
    }
  }
}